0 info it worked if it ends with ok
1 verbose cli [ 'F:\\Program Files\\NodeJS\\\\node.exe',
1 verbose cli   'F:\\Program Files\\NodeJS\\node_modules\\npm\\bin\\npm-cli.js',
1 verbose cli   'start' ]
2 info using npm@1.4.14
3 info using node@v0.10.29
4 verbose node symlink F:\Program Files\NodeJS\\node.exe
5 error Error: ENOENT, open 'C:\Users\Nishikant\Documents\GitHub\NodeJS.DLT\myuploader\package.json'
6 error If you need help, you may report this *entire* log,
6 error including the npm and node versions, at:
6 error     <http://github.com/npm/npm/issues>
7 error System Windows_NT 6.2.9200
8 error command "F:\\Program Files\\NodeJS\\\\node.exe" "F:\\Program Files\\NodeJS\\node_modules\\npm\\bin\\npm-cli.js" "start"
9 error cwd C:\Users\Nishikant\Documents\GitHub\NodeJS.DLT\myuploader
10 error node -v v0.10.29
11 error npm -v 1.4.14
12 error path C:\Users\Nishikant\Documents\GitHub\NodeJS.DLT\myuploader\package.json
13 error code ENOENT
14 error errno 34
15 verbose exit [ 34, true ]
